  PM06130439.cpp
C:\OneDrive\바탕 화면\Alex\PacMan\PM06130439.cpp(1,1): warning C4828: 파일에 0x111 오프셋에서 시작하는 문자가 포함되어 있습니다. 이 문자는 현재 원본 문자 집합에서 잘못된 문자입니다(코드 페이지 65001).
C:\OneDrive\바탕 화면\Alex\PacMan\PM06130439.cpp(1,1): warning C4828: 파일에 0x112 오프셋에서 시작하는 문자가 포함되어 있습니다. 이 문자는 현재 원본 문자 집합에서 잘못된 문자입니다(코드 페이지 65001).
C:\OneDrive\바탕 화면\Alex\PacMan\PM06130439.cpp(1,1): warning C4828: 파일에 0x114 오프셋에서 시작하는 문자가 포함되어 있습니다. 이 문자는 현재 원본 문자 집합에서 잘못된 문자입니다(코드 페이지 65001).
C:\OneDrive\바탕 화면\Alex\PacMan\PM06130439.cpp(1,1): warning C4828: 파일에 0x115 오프셋에서 시작하는 문자가 포함되어 있습니다. 이 문자는 현재 원본 문자 집합에서 잘못된 문자입니다(코드 페이지 65001).
C:\OneDrive\바탕 화면\Alex\PacMan\PM06130439.cpp(1,1): warning C4828: 파일에 0x116 오프셋에서 시작하는 문자가 포함되어 있습니다. 이 문자는 현재 원본 문자 집합에서 잘못된 문자입니다(코드 페이지 65001).
C:\OneDrive\바탕 화면\Alex\PacMan\PM06130439.cpp(1,1): warning C4828: 파일에 0x117 오프셋에서 시작하는 문자가 포함되어 있습니다. 이 문자는 현재 원본 문자 집합에서 잘못된 문자입니다(코드 페이지 65001).
C:\OneDrive\바탕 화면\Alex\PacMan\PM06130439.cpp(1,1): warning C4828: 파일에 0x25b 오프셋에서 시작하는 문자가 포함되어 있습니다. 이 문자는 현재 원본 문자 집합에서 잘못된 문자입니다(코드 페이지 65001).
C:\OneDrive\바탕 화면\Alex\PacMan\PM06130439.cpp(1,1): warning C4828: 파일에 0x25c 오프셋에서 시작하는 문자가 포함되어 있습니다. 이 문자는 현재 원본 문자 집합에서 잘못된 문자입니다(코드 페이지 65001).
C:\OneDrive\바탕 화면\Alex\PacMan\PM06130439.cpp(1,1): warning C4828: 파일에 0x25e 오프셋에서 시작하는 문자가 포함되어 있습니다. 이 문자는 현재 원본 문자 집합에서 잘못된 문자입니다(코드 페이지 65001).
C:\OneDrive\바탕 화면\Alex\PacMan\PM06130439.cpp(1,1): warning C4828: 파일에 0x25f 오프셋에서 시작하는 문자가 포함되어 있습니다. 이 문자는 현재 원본 문자 집합에서 잘못된 문자입니다(코드 페이지 65001).
C:\OneDrive\바탕 화면\Alex\PacMan\PM06130439.cpp(1,1): warning C4828: 파일에 0x260 오프셋에서 시작하는 문자가 포함되어 있습니다. 이 문자는 현재 원본 문자 집합에서 잘못된 문자입니다(코드 페이지 65001).
C:\OneDrive\바탕 화면\Alex\PacMan\PM06130439.cpp(1,1): warning C4828: 파일에 0x261 오프셋에서 시작하는 문자가 포함되어 있습니다. 이 문자는 현재 원본 문자 집합에서 잘못된 문자입니다(코드 페이지 65001).
C:\OneDrive\바탕 화면\Alex\PacMan\PM06130439.cpp(1,1): warning C4828: 파일에 0x30d 오프셋에서 시작하는 문자가 포함되어 있습니다. 이 문자는 현재 원본 문자 집합에서 잘못된 문자입니다(코드 페이지 65001).
C:\OneDrive\바탕 화면\Alex\PacMan\PM06130439.cpp(1,1): warning C4828: 파일에 0x30e 오프셋에서 시작하는 문자가 포함되어 있습니다. 이 문자는 현재 원본 문자 집합에서 잘못된 문자입니다(코드 페이지 65001).
C:\OneDrive\바탕 화면\Alex\PacMan\PM06130439.cpp(1,1): warning C4828: 파일에 0x310 오프셋에서 시작하는 문자가 포함되어 있습니다. 이 문자는 현재 원본 문자 집합에서 잘못된 문자입니다(코드 페이지 65001).
C:\OneDrive\바탕 화면\Alex\PacMan\PM06130439.cpp(1,1): warning C4828: 파일에 0x313 오프셋에서 시작하는 문자가 포함되어 있습니다. 이 문자는 현재 원본 문자 집합에서 잘못된 문자입니다(코드 페이지 65001).
C:\OneDrive\바탕 화면\Alex\PacMan\PM06130439.cpp(1,1): warning C4828: 파일에 0x315 오프셋에서 시작하는 문자가 포함되어 있습니다. 이 문자는 현재 원본 문자 집합에서 잘못된 문자입니다(코드 페이지 65001).
C:\OneDrive\바탕 화면\Alex\PacMan\PM06130439.cpp(1,1): warning C4828: 파일에 0x318 오프셋에서 시작하는 문자가 포함되어 있습니다. 이 문자는 현재 원본 문자 집합에서 잘못된 문자입니다(코드 페이지 65001).
C:\OneDrive\바탕 화면\Alex\PacMan\PM06130439.cpp(1,1): warning C4828: 파일에 0x319 오프셋에서 시작하는 문자가 포함되어 있습니다. 이 문자는 현재 원본 문자 집합에서 잘못된 문자입니다(코드 페이지 65001).
C:\OneDrive\바탕 화면\Alex\PacMan\PM06130439.cpp(1,1): warning C4828: 파일에 0x31a 오프셋에서 시작하는 문자가 포함되어 있습니다. 이 문자는 현재 원본 문자 집합에서 잘못된 문자입니다(코드 페이지 65001).
C:\OneDrive\바탕 화면\Alex\PacMan\PM06130439.cpp(1,1): warning C4828: 파일에 0x31c 오프셋에서 시작하는 문자가 포함되어 있습니다. 이 문자는 현재 원본 문자 집합에서 잘못된 문자입니다(코드 페이지 65001).
C:\OneDrive\바탕 화면\Alex\PacMan\PM06130439.cpp(1,1): warning C4828: 파일에 0x31d 오프셋에서 시작하는 문자가 포함되어 있습니다. 이 문자는 현재 원본 문자 집합에서 잘못된 문자입니다(코드 페이지 65001).
C:\OneDrive\바탕 화면\Alex\PacMan\PM06130439.cpp(1,1): warning C4828: 파일에 0x31e 오프셋에서 시작하는 문자가 포함되어 있습니다. 이 문자는 현재 원본 문자 집합에서 잘못된 문자입니다(코드 페이지 65001).
C:\OneDrive\바탕 화면\Alex\PacMan\PM06130439.cpp(1,1): warning C4828: 파일에 0x31f 오프셋에서 시작하는 문자가 포함되어 있습니다. 이 문자는 현재 원본 문자 집합에서 잘못된 문자입니다(코드 페이지 65001).
C:\OneDrive\바탕 화면\Alex\PacMan\PM06130439.cpp(1,1): warning C4828: 파일에 0x322 오프셋에서 시작하는 문자가 포함되어 있습니다. 이 문자는 현재 원본 문자 집합에서 잘못된 문자입니다(코드 페이지 65001).
C:\OneDrive\바탕 화면\Alex\PacMan\PM06130439.cpp(1,1): warning C4828: 파일에 0x323 오프셋에서 시작하는 문자가 포함되어 있습니다. 이 문자는 현재 원본 문자 집합에서 잘못된 문자입니다(코드 페이지 65001).
C:\OneDrive\바탕 화면\Alex\PacMan\PM06130439.cpp(1,1): warning C4828: 파일에 0x326 오프셋에서 시작하는 문자가 포함되어 있습니다. 이 문자는 현재 원본 문자 집합에서 잘못된 문자입니다(코드 페이지 65001).
C:\OneDrive\바탕 화면\Alex\PacMan\PM06130439.cpp(1,1): warning C4828: 파일에 0x327 오프셋에서 시작하는 문자가 포함되어 있습니다. 이 문자는 현재 원본 문자 집합에서 잘못된 문자입니다(코드 페이지 65001).
C:\OneDrive\바탕 화면\Alex\PacMan\PM06130439.cpp(1,1): warning C4828: 파일에 0x32c 오프셋에서 시작하는 문자가 포함되어 있습니다. 이 문자는 현재 원본 문자 집합에서 잘못된 문자입니다(코드 페이지 65001).
C:\OneDrive\바탕 화면\Alex\PacMan\PM06130439.cpp(1,1): warning C4828: 파일에 0x32d 오프셋에서 시작하는 문자가 포함되어 있습니다. 이 문자는 현재 원본 문자 집합에서 잘못된 문자입니다(코드 페이지 65001).
C:\OneDrive\바탕 화면\Alex\PacMan\PM06130439.cpp(1,1): warning C4828: 파일에 0x383 오프셋에서 시작하는 문자가 포함되어 있습니다. 이 문자는 현재 원본 문자 집합에서 잘못된 문자입니다(코드 페이지 65001).
C:\OneDrive\바탕 화면\Alex\PacMan\PM06130439.cpp(1,1): warning C4828: 파일에 0x384 오프셋에서 시작하는 문자가 포함되어 있습니다. 이 문자는 현재 원본 문자 집합에서 잘못된 문자입니다(코드 페이지 65001).
C:\OneDrive\바탕 화면\Alex\PacMan\PM06130439.cpp(1,1): warning C4828: 파일에 0x385 오프셋에서 시작하는 문자가 포함되어 있습니다. 이 문자는 현재 원본 문자 집합에서 잘못된 문자입니다(코드 페이지 65001).
C:\OneDrive\바탕 화면\Alex\PacMan\PM06130439.cpp(1,1): warning C4828: 파일에 0x386 오프셋에서 시작하는 문자가 포함되어 있습니다. 이 문자는 현재 원본 문자 집합에서 잘못된 문자입니다(코드 페이지 65001).
C:\OneDrive\바탕 화면\Alex\PacMan\PM06130439.cpp(1,1): warning C4828: 파일에 0x38a 오프셋에서 시작하는 문자가 포함되어 있습니다. 이 문자는 현재 원본 문자 집합에서 잘못된 문자입니다(코드 페이지 65001).
C:\OneDrive\바탕 화면\Alex\PacMan\PM06130439.cpp(1,1): warning C4828: 파일에 0x38b 오프셋에서 시작하는 문자가 포함되어 있습니다. 이 문자는 현재 원본 문자 집합에서 잘못된 문자입니다(코드 페이지 65001).
C:\OneDrive\바탕 화면\Alex\PacMan\PM06130439.cpp(1,1): warning C4828: 파일에 0x38d 오프셋에서 시작하는 문자가 포함되어 있습니다. 이 문자는 현재 원본 문자 집합에서 잘못된 문자입니다(코드 페이지 65001).
C:\OneDrive\바탕 화면\Alex\PacMan\PM06130439.cpp(1,1): warning C4828: 파일에 0x38f 오프셋에서 시작하는 문자가 포함되어 있습니다. 이 문자는 현재 원본 문자 집합에서 잘못된 문자입니다(코드 페이지 65001).
C:\OneDrive\바탕 화면\Alex\PacMan\PM06130439.cpp(1,1): warning C4828: 파일에 0x390 오프셋에서 시작하는 문자가 포함되어 있습니다. 이 문자는 현재 원본 문자 집합에서 잘못된 문자입니다(코드 페이지 65001).
C:\OneDrive\바탕 화면\Alex\PacMan\PM06130439.cpp(1,1): warning C4828: 파일에 0x391 오프셋에서 시작하는 문자가 포함되어 있습니다. 이 문자는 현재 원본 문자 집합에서 잘못된 문자입니다(코드 페이지 65001).
C:\OneDrive\바탕 화면\Alex\PacMan\PM06130439.cpp(1,1): warning C4828: 파일에 0x394 오프셋에서 시작하는 문자가 포함되어 있습니다. 이 문자는 현재 원본 문자 집합에서 잘못된 문자입니다(코드 페이지 65001).
C:\OneDrive\바탕 화면\Alex\PacMan\PM06130439.cpp(1,1): warning C4828: 파일에 0x395 오프셋에서 시작하는 문자가 포함되어 있습니다. 이 문자는 현재 원본 문자 집합에서 잘못된 문자입니다(코드 페이지 65001).
C:\OneDrive\바탕 화면\Alex\PacMan\PM06130439.cpp(1,1): warning C4828: 파일에 0x396 오프셋에서 시작하는 문자가 포함되어 있습니다. 이 문자는 현재 원본 문자 집합에서 잘못된 문자입니다(코드 페이지 65001).
C:\OneDrive\바탕 화면\Alex\PacMan\PM06130439.cpp(1,1): warning C4828: 파일에 0x398 오프셋에서 시작하는 문자가 포함되어 있습니다. 이 문자는 현재 원본 문자 집합에서 잘못된 문자입니다(코드 페이지 65001).
C:\OneDrive\바탕 화면\Alex\PacMan\PM06130439.cpp(1,1): warning C4828: 파일에 0x399 오프셋에서 시작하는 문자가 포함되어 있습니다. 이 문자는 현재 원본 문자 집합에서 잘못된 문자입니다(코드 페이지 65001).
C:\OneDrive\바탕 화면\Alex\PacMan\PM06130439.cpp(1,1): warning C4828: 파일에 0x39f 오프셋에서 시작하는 문자가 포함되어 있습니다. 이 문자는 현재 원본 문자 집합에서 잘못된 문자입니다(코드 페이지 65001).
C:\OneDrive\바탕 화면\Alex\PacMan\PM06130439.cpp(1,1): warning C4828: 파일에 0x3a1 오프셋에서 시작하는 문자가 포함되어 있습니다. 이 문자는 현재 원본 문자 집합에서 잘못된 문자입니다(코드 페이지 65001).
C:\OneDrive\바탕 화면\Alex\PacMan\PM06130439.cpp(1,1): warning C4828: 파일에 0x3a2 오프셋에서 시작하는 문자가 포함되어 있습니다. 이 문자는 현재 원본 문자 집합에서 잘못된 문자입니다(코드 페이지 65001).
C:\OneDrive\바탕 화면\Alex\PacMan\PM06130439.cpp(1,1): warning C4828: 파일에 0x3a3 오프셋에서 시작하는 문자가 포함되어 있습니다. 이 문자는 현재 원본 문자 집합에서 잘못된 문자입니다(코드 페이지 65001).
C:\OneDrive\바탕 화면\Alex\PacMan\PM06130439.cpp(1,1): warning C4828: 파일에 0x3a4 오프셋에서 시작하는 문자가 포함되어 있습니다. 이 문자는 현재 원본 문자 집합에서 잘못된 문자입니다(코드 페이지 65001).
C:\OneDrive\바탕 화면\Alex\PacMan\PM06130439.cpp(1,1): warning C4828: 파일에 0x3a7 오프셋에서 시작하는 문자가 포함되어 있습니다. 이 문자는 현재 원본 문자 집합에서 잘못된 문자입니다(코드 페이지 65001).
C:\OneDrive\바탕 화면\Alex\PacMan\PM06130439.cpp(1,1): warning C4828: 파일에 0x3a8 오프셋에서 시작하는 문자가 포함되어 있습니다. 이 문자는 현재 원본 문자 집합에서 잘못된 문자입니다(코드 페이지 65001).
C:\OneDrive\바탕 화면\Alex\PacMan\PM06130439.cpp(1,1): warning C4828: 파일에 0x3a9 오프셋에서 시작하는 문자가 포함되어 있습니다. 이 문자는 현재 원본 문자 집합에서 잘못된 문자입니다(코드 페이지 65001).
C:\OneDrive\바탕 화면\Alex\PacMan\PM06130439.cpp(1,1): warning C4828: 파일에 0x3aa 오프셋에서 시작하는 문자가 포함되어 있습니다. 이 문자는 현재 원본 문자 집합에서 잘못된 문자입니다(코드 페이지 65001).
C:\OneDrive\바탕 화면\Alex\PacMan\PM06130439.cpp(1,1): warning C4828: 파일에 0x3ae 오프셋에서 시작하는 문자가 포함되어 있습니다. 이 문자는 현재 원본 문자 집합에서 잘못된 문자입니다(코드 페이지 65001).
C:\OneDrive\바탕 화면\Alex\PacMan\PM06130439.cpp(1,1): warning C4828: 파일에 0x3af 오프셋에서 시작하는 문자가 포함되어 있습니다. 이 문자는 현재 원본 문자 집합에서 잘못된 문자입니다(코드 페이지 65001).
C:\OneDrive\바탕 화면\Alex\PacMan\PM06130439.cpp(1,1): warning C4828: 파일에 0x3b3 오프셋에서 시작하는 문자가 포함되어 있습니다. 이 문자는 현재 원본 문자 집합에서 잘못된 문자입니다(코드 페이지 65001).
C:\OneDrive\바탕 화면\Alex\PacMan\PM06130439.cpp(1,1): warning C4828: 파일에 0x3b4 오프셋에서 시작하는 문자가 포함되어 있습니다. 이 문자는 현재 원본 문자 집합에서 잘못된 문자입니다(코드 페이지 65001).
C:\OneDrive\바탕 화면\Alex\PacMan\PM06130439.cpp(1,1): warning C4828: 파일에 0x3b8 오프셋에서 시작하는 문자가 포함되어 있습니다. 이 문자는 현재 원본 문자 집합에서 잘못된 문자입니다(코드 페이지 65001).
C:\OneDrive\바탕 화면\Alex\PacMan\PM06130439.cpp(1,1): warning C4828: 파일에 0x3b9 오프셋에서 시작하는 문자가 포함되어 있습니다. 이 문자는 현재 원본 문자 집합에서 잘못된 문자입니다(코드 페이지 65001).
C:\OneDrive\바탕 화면\Alex\PacMan\PM06130439.cpp(1,1): warning C4828: 파일에 0x3ba 오프셋에서 시작하는 문자가 포함되어 있습니다. 이 문자는 현재 원본 문자 집합에서 잘못된 문자입니다(코드 페이지 65001).
C:\OneDrive\바탕 화면\Alex\PacMan\PM06130439.cpp(1,1): warning C4828: 파일에 0x3bb 오프셋에서 시작하는 문자가 포함되어 있습니다. 이 문자는 현재 원본 문자 집합에서 잘못된 문자입니다(코드 페이지 65001).
C:\OneDrive\바탕 화면\Alex\PacMan\PM06130439.cpp(1,1): warning C4828: 파일에 0x452 오프셋에서 시작하는 문자가 포함되어 있습니다. 이 문자는 현재 원본 문자 집합에서 잘못된 문자입니다(코드 페이지 65001).
C:\OneDrive\바탕 화면\Alex\PacMan\PM06130439.cpp(1,1): warning C4828: 파일에 0x453 오프셋에서 시작하는 문자가 포함되어 있습니다. 이 문자는 현재 원본 문자 집합에서 잘못된 문자입니다(코드 페이지 65001).
C:\OneDrive\바탕 화면\Alex\PacMan\PM06130439.cpp(1,1): warning C4828: 파일에 0x455 오프셋에서 시작하는 문자가 포함되어 있습니다. 이 문자는 현재 원본 문자 집합에서 잘못된 문자입니다(코드 페이지 65001).
C:\OneDrive\바탕 화면\Alex\PacMan\PM06130439.cpp(1,1): warning C4828: 파일에 0x457 오프셋에서 시작하는 문자가 포함되어 있습니다. 이 문자는 현재 원본 문자 집합에서 잘못된 문자입니다(코드 페이지 65001).
C:\OneDrive\바탕 화면\Alex\PacMan\PM06130439.cpp(1,1): warning C4828: 파일에 0x458 오프셋에서 시작하는 문자가 포함되어 있습니다. 이 문자는 현재 원본 문자 집합에서 잘못된 문자입니다(코드 페이지 65001).
C:\OneDrive\바탕 화면\Alex\PacMan\PM06130439.cpp(1,1): warning C4828: 파일에 0x45c 오프셋에서 시작하는 문자가 포함되어 있습니다. 이 문자는 현재 원본 문자 집합에서 잘못된 문자입니다(코드 페이지 65001).
C:\OneDrive\바탕 화면\Alex\PacMan\PM06130439.cpp(1,1): warning C4828: 파일에 0x45d 오프셋에서 시작하는 문자가 포함되어 있습니다. 이 문자는 현재 원본 문자 집합에서 잘못된 문자입니다(코드 페이지 65001).
C:\OneDrive\바탕 화면\Alex\PacMan\PM06130439.cpp(1,1): warning C4828: 파일에 0x45f 오프셋에서 시작하는 문자가 포함되어 있습니다. 이 문자는 현재 원본 문자 집합에서 잘못된 문자입니다(코드 페이지 65001).
C:\OneDrive\바탕 화면\Alex\PacMan\PM06130439.cpp(1,1): warning C4828: 파일에 0x460 오프셋에서 시작하는 문자가 포함되어 있습니다. 이 문자는 현재 원본 문자 집합에서 잘못된 문자입니다(코드 페이지 65001).
C:\OneDrive\바탕 화면\Alex\PacMan\PM06130439.cpp(1,1): warning C4828: 파일에 0x461 오프셋에서 시작하는 문자가 포함되어 있습니다. 이 문자는 현재 원본 문자 집합에서 잘못된 문자입니다(코드 페이지 65001).
C:\OneDrive\바탕 화면\Alex\PacMan\PM06130439.cpp(1,1): warning C4828: 파일에 0x463 오프셋에서 시작하는 문자가 포함되어 있습니다. 이 문자는 현재 원본 문자 집합에서 잘못된 문자입니다(코드 페이지 65001).
C:\OneDrive\바탕 화면\Alex\PacMan\PM06130439.cpp(1,1): warning C4828: 파일에 0x468 오프셋에서 시작하는 문자가 포함되어 있습니다. 이 문자는 현재 원본 문자 집합에서 잘못된 문자입니다(코드 페이지 65001).
C:\OneDrive\바탕 화면\Alex\PacMan\PM06130439.cpp(1,1): warning C4828: 파일에 0x469 오프셋에서 시작하는 문자가 포함되어 있습니다. 이 문자는 현재 원본 문자 집합에서 잘못된 문자입니다(코드 페이지 65001).
C:\OneDrive\바탕 화면\Alex\PacMan\PM06130439.cpp(1,1): warning C4828: 파일에 0x46f 오프셋에서 시작하는 문자가 포함되어 있습니다. 이 문자는 현재 원본 문자 집합에서 잘못된 문자입니다(코드 페이지 65001).
C:\OneDrive\바탕 화면\Alex\PacMan\PM06130439.cpp(1,1): warning C4828: 파일에 0x471 오프셋에서 시작하는 문자가 포함되어 있습니다. 이 문자는 현재 원본 문자 집합에서 잘못된 문자입니다(코드 페이지 65001).
C:\OneDrive\바탕 화면\Alex\PacMan\PM06130439.cpp(1,1): warning C4828: 파일에 0x472 오프셋에서 시작하는 문자가 포함되어 있습니다. 이 문자는 현재 원본 문자 집합에서 잘못된 문자입니다(코드 페이지 65001).
C:\OneDrive\바탕 화면\Alex\PacMan\PM06130439.cpp(1,1): warning C4828: 파일에 0x476 오프셋에서 시작하는 문자가 포함되어 있습니다. 이 문자는 현재 원본 문자 집합에서 잘못된 문자입니다(코드 페이지 65001).
C:\OneDrive\바탕 화면\Alex\PacMan\PM06130439.cpp(1,1): warning C4828: 파일에 0x479 오프셋에서 시작하는 문자가 포함되어 있습니다. 이 문자는 현재 원본 문자 집합에서 잘못된 문자입니다(코드 페이지 65001).
C:\OneDrive\바탕 화면\Alex\PacMan\PM06130439.cpp(1,1): warning C4828: 파일에 0x47a 오프셋에서 시작하는 문자가 포함되어 있습니다. 이 문자는 현재 원본 문자 집합에서 잘못된 문자입니다(코드 페이지 65001).
C:\OneDrive\바탕 화면\Alex\PacMan\PM06130439.cpp(1,1): warning C4828: 파일에 0x47b 오프셋에서 시작하는 문자가 포함되어 있습니다. 이 문자는 현재 원본 문자 집합에서 잘못된 문자입니다(코드 페이지 65001).
C:\OneDrive\바탕 화면\Alex\PacMan\PM06130439.cpp(1,1): warning C4828: 파일에 0x47d 오프셋에서 시작하는 문자가 포함되어 있습니다. 이 문자는 현재 원본 문자 집합에서 잘못된 문자입니다(코드 페이지 65001).
C:\OneDrive\바탕 화면\Alex\PacMan\PM06130439.cpp(1,1): warning C4828: 파일에 0x47e 오프셋에서 시작하는 문자가 포함되어 있습니다. 이 문자는 현재 원본 문자 집합에서 잘못된 문자입니다(코드 페이지 65001).
C:\OneDrive\바탕 화면\Alex\PacMan\PM06130439.cpp(1,1): warning C4828: 파일에 0x47f 오프셋에서 시작하는 문자가 포함되어 있습니다. 이 문자는 현재 원본 문자 집합에서 잘못된 문자입니다(코드 페이지 65001).
C:\OneDrive\바탕 화면\Alex\PacMan\PM06130439.cpp(1,1): warning C4828: 파일에 0x480 오프셋에서 시작하는 문자가 포함되어 있습니다. 이 문자는 현재 원본 문자 집합에서 잘못된 문자입니다(코드 페이지 65001).
C:\OneDrive\바탕 화면\Alex\PacMan\PM06130439.cpp(1,1): warning C4828: 파일에 0x5ba 오프셋에서 시작하는 문자가 포함되어 있습니다. 이 문자는 현재 원본 문자 집합에서 잘못된 문자입니다(코드 페이지 65001).
C:\OneDrive\바탕 화면\Alex\PacMan\PM06130439.cpp(1,1): warning C4828: 파일에 0x5bb 오프셋에서 시작하는 문자가 포함되어 있습니다. 이 문자는 현재 원본 문자 집합에서 잘못된 문자입니다(코드 페이지 65001).
C:\OneDrive\바탕 화면\Alex\PacMan\PM06130439.cpp(1,1): warning C4828: 파일에 0x5bd 오프셋에서 시작하는 문자가 포함되어 있습니다. 이 문자는 현재 원본 문자 집합에서 잘못된 문자입니다(코드 페이지 65001).
C:\OneDrive\바탕 화면\Alex\PacMan\PM06130439.cpp(1,1): warning C4828: 파일에 0x5bf 오프셋에서 시작하는 문자가 포함되어 있습니다. 이 문자는 현재 원본 문자 집합에서 잘못된 문자입니다(코드 페이지 65001).
C:\OneDrive\바탕 화면\Alex\PacMan\PM06130439.cpp(1,1): warning C4828: 파일에 0x5c0 오프셋에서 시작하는 문자가 포함되어 있습니다. 이 문자는 현재 원본 문자 집합에서 잘못된 문자입니다(코드 페이지 65001).
C:\OneDrive\바탕 화면\Alex\PacMan\PM06130439.cpp(1,1): warning C4828: 파일에 0x5c2 오프셋에서 시작하는 문자가 포함되어 있습니다. 이 문자는 현재 원본 문자 집합에서 잘못된 문자입니다(코드 페이지 65001).
C:\OneDrive\바탕 화면\Alex\PacMan\PM06130439.cpp(1,1): warning C4828: 파일에 0x5c6 오프셋에서 시작하는 문자가 포함되어 있습니다. 이 문자는 현재 원본 문자 집합에서 잘못된 문자입니다(코드 페이지 65001).
C:\OneDrive\바탕 화면\Alex\PacMan\PM06130439.cpp(1,1): warning C4828: 파일에 0x5c7 오프셋에서 시작하는 문자가 포함되어 있습니다. 이 문자는 현재 원본 문자 집합에서 잘못된 문자입니다(코드 페이지 65001).
C:\OneDrive\바탕 화면\Alex\PacMan\PM06130439.cpp(1,1): warning C4828: 파일에 0x5c9 오프셋에서 시작하는 문자가 포함되어 있습니다. 이 문자는 현재 원본 문자 집합에서 잘못된 문자입니다(코드 페이지 65001).
C:\OneDrive\바탕 화면\Alex\PacMan\PM06130439.cpp(1,1): warning C4828: 파일에 0x5ca 오프셋에서 시작하는 문자가 포함되어 있습니다. 이 문자는 현재 원본 문자 집합에서 잘못된 문자입니다(코드 페이지 65001).
C:\OneDrive\바탕 화면\Alex\PacMan\PM06130439.cpp(1,1): warning C4828: 파일에 0x5ce 오프셋에서 시작하는 문자가 포함되어 있습니다. 이 문자는 현재 원본 문자 집합에서 잘못된 문자입니다(코드 페이지 65001).
C:\OneDrive\바탕 화면\Alex\PacMan\PM06130439.cpp(1,1): warning C4828: 파일에 0x5cf 오프셋에서 시작하는 문자가 포함되어 있습니다. 이 문자는 현재 원본 문자 집합에서 잘못된 문자입니다(코드 페이지 65001).
C:\OneDrive\바탕 화면\Alex\PacMan\PM06130439.cpp(1,1): warning C4828: 파일에 0x5d0 오프셋에서 시작하는 문자가 포함되어 있습니다. 이 문자는 현재 원본 문자 집합에서 잘못된 문자입니다(코드 페이지 65001).
C:\OneDrive\바탕 화면\Alex\PacMan\PM06130439.cpp(1,1): warning C4828: 파일에 0x5d3 오프셋에서 시작하는 문자가 포함되어 있습니다. 이 문자는 현재 원본 문자 집합에서 잘못된 문자입니다(코드 페이지 65001).
C:\OneDrive\바탕 화면\Alex\PacMan\PM06130439.cpp(1,1): warning C4828: 파일에 0xd6a 오프셋에서 시작하는 문자가 포함되어 있습니다. 이 문자는 현재 원본 문자 집합에서 잘못된 문자입니다(코드 페이지 65001).
C:\OneDrive\바탕 화면\Alex\PacMan\PM06130439.cpp(1,1): warning C4828: 파일에 0xd6b 오프셋에서 시작하는 문자가 포함되어 있습니다. 이 문자는 현재 원본 문자 집합에서 잘못된 문자입니다(코드 페이지 65001).
C:\OneDrive\바탕 화면\Alex\PacMan\PM06130439.cpp(1,1): warning C4828: 파일에 0xd6c 오프셋에서 시작하는 문자가 포함되어 있습니다. 이 문자는 현재 원본 문자 집합에서 잘못된 문자입니다(코드 페이지 65001).
C:\OneDrive\바탕 화면\Alex\PacMan\PM06130439.cpp(1,1): warning C4828: 파일에 0xd6d 오프셋에서 시작하는 문자가 포함되어 있습니다. 이 문자는 현재 원본 문자 집합에서 잘못된 문자입니다(코드 페이지 65001).
C:\OneDrive\바탕 화면\Alex\PacMan\PM06130439.cpp(1,1): warning C4828: 파일에 0xd6f 오프셋에서 시작하는 문자가 포함되어 있습니다. 이 문자는 현재 원본 문자 집합에서 잘못된 문자입니다(코드 페이지 65001).
C:\OneDrive\바탕 화면\Alex\PacMan\PM06130439.cpp(1,1): warning C4828: 파일에 0xd72 오프셋에서 시작하는 문자가 포함되어 있습니다. 이 문자는 현재 원본 문자 집합에서 잘못된 문자입니다(코드 페이지 65001).
C:\OneDrive\바탕 화면\Alex\PacMan\PM06130439.cpp(1,1): warning C4828: 파일에 0xd74 오프셋에서 시작하는 문자가 포함되어 있습니다. 이 문자는 현재 원본 문자 집합에서 잘못된 문자입니다(코드 페이지 65001).
C:\OneDrive\바탕 화면\Alex\PacMan\PM06130439.cpp(1,1): warning C4828: 파일에 0xd75 오프셋에서 시작하는 문자가 포함되어 있습니다. 이 문자는 현재 원본 문자 집합에서 잘못된 문자입니다(코드 페이지 65001).
C:\OneDrive\바탕 화면\Alex\PacMan\PM06130439.cpp(1,1): warning C4828: 파일에 0xd79 오프셋에서 시작하는 문자가 포함되어 있습니다. 이 문자는 현재 원본 문자 집합에서 잘못된 문자입니다(코드 페이지 65001).
C:\OneDrive\바탕 화면\Alex\PacMan\PM06130439.cpp(1,1): warning C4828: 파일에 0xd7a 오프셋에서 시작하는 문자가 포함되어 있습니다. 이 문자는 현재 원본 문자 집합에서 잘못된 문자입니다(코드 페이지 65001).
C:\OneDrive\바탕 화면\Alex\PacMan\PM06130439.cpp(1,1): warning C4828: 파일에 0xef6 오프셋에서 시작하는 문자가 포함되어 있습니다. 이 문자는 현재 원본 문자 집합에서 잘못된 문자입니다(코드 페이지 65001).
C:\OneDrive\바탕 화면\Alex\PacMan\PM06130439.cpp(1,1): warning C4828: 파일에 0xef7 오프셋에서 시작하는 문자가 포함되어 있습니다. 이 문자는 현재 원본 문자 집합에서 잘못된 문자입니다(코드 페이지 65001).
C:\OneDrive\바탕 화면\Alex\PacMan\PM06130439.cpp(1,1): warning C4828: 파일에 0xef8 오프셋에서 시작하는 문자가 포함되어 있습니다. 이 문자는 현재 원본 문자 집합에서 잘못된 문자입니다(코드 페이지 65001).
C:\OneDrive\바탕 화면\Alex\PacMan\PM06130439.cpp(1,1): warning C4828: 파일에 0xef9 오프셋에서 시작하는 문자가 포함되어 있습니다. 이 문자는 현재 원본 문자 집합에서 잘못된 문자입니다(코드 페이지 65001).
C:\OneDrive\바탕 화면\Alex\PacMan\PM06130439.cpp(1,1): warning C4828: 파일에 0xefb 오프셋에서 시작하는 문자가 포함되어 있습니다. 이 문자는 현재 원본 문자 집합에서 잘못된 문자입니다(코드 페이지 65001).
C:\OneDrive\바탕 화면\Alex\PacMan\PM06130439.cpp(1,1): warning C4828: 파일에 0xefe 오프셋에서 시작하는 문자가 포함되어 있습니다. 이 문자는 현재 원본 문자 집합에서 잘못된 문자입니다(코드 페이지 65001).
C:\OneDrive\바탕 화면\Alex\PacMan\PM06130439.cpp(1,1): warning C4828: 파일에 0xf45 오프셋에서 시작하는 문자가 포함되어 있습니다. 이 문자는 현재 원본 문자 집합에서 잘못된 문자입니다(코드 페이지 65001).
C:\OneDrive\바탕 화면\Alex\PacMan\PM06130439.cpp(1,1): warning C4828: 파일에 0xf48 오프셋에서 시작하는 문자가 포함되어 있습니다. 이 문자는 현재 원본 문자 집합에서 잘못된 문자입니다(코드 페이지 65001).
C:\OneDrive\바탕 화면\Alex\PacMan\PM06130439.cpp(1,1): warning C4828: 파일에 0xf49 오프셋에서 시작하는 문자가 포함되어 있습니다. 이 문자는 현재 원본 문자 집합에서 잘못된 문자입니다(코드 페이지 65001).
C:\OneDrive\바탕 화면\Alex\PacMan\PM06130439.cpp(1,1): warning C4828: 파일에 0xf4a 오프셋에서 시작하는 문자가 포함되어 있습니다. 이 문자는 현재 원본 문자 집합에서 잘못된 문자입니다(코드 페이지 65001).
C:\OneDrive\바탕 화면\Alex\PacMan\PM06130439.cpp(1,1): warning C4828: 파일에 0xf4c 오프셋에서 시작하는 문자가 포함되어 있습니다. 이 문자는 현재 원본 문자 집합에서 잘못된 문자입니다(코드 페이지 65001).
C:\OneDrive\바탕 화면\Alex\PacMan\PM06130439.cpp(1,1): warning C4828: 파일에 0xf4f 오프셋에서 시작하는 문자가 포함되어 있습니다. 이 문자는 현재 원본 문자 집합에서 잘못된 문자입니다(코드 페이지 65001).
C:\OneDrive\바탕 화면\Alex\PacMan\PM06130439.cpp(1,1): warning C4828: 파일에 0xf8c 오프셋에서 시작하는 문자가 포함되어 있습니다. 이 문자는 현재 원본 문자 집합에서 잘못된 문자입니다(코드 페이지 65001).
C:\OneDrive\바탕 화면\Alex\PacMan\PM06130439.cpp(1,1): warning C4828: 파일에 0xf8d 오프셋에서 시작하는 문자가 포함되어 있습니다. 이 문자는 현재 원본 문자 집합에서 잘못된 문자입니다(코드 페이지 65001).
C:\OneDrive\바탕 화면\Alex\PacMan\PM06130439.cpp(1,1): warning C4828: 파일에 0xf8f 오프셋에서 시작하는 문자가 포함되어 있습니다. 이 문자는 현재 원본 문자 집합에서 잘못된 문자입니다(코드 페이지 65001).
C:\OneDrive\바탕 화면\Alex\PacMan\PM06130439.cpp(1,1): warning C4828: 파일에 0xf91 오프셋에서 시작하는 문자가 포함되어 있습니다. 이 문자는 현재 원본 문자 집합에서 잘못된 문자입니다(코드 페이지 65001).
C:\OneDrive\바탕 화면\Alex\PacMan\PM06130439.cpp(1,1): warning C4828: 파일에 0xf94 오프셋에서 시작하는 문자가 포함되어 있습니다. 이 문자는 현재 원본 문자 집합에서 잘못된 문자입니다(코드 페이지 65001).
C:\OneDrive\바탕 화면\Alex\PacMan\PM06130439.cpp(1,1): warning C4828: 파일에 0xfdb 오프셋에서 시작하는 문자가 포함되어 있습니다. 이 문자는 현재 원본 문자 집합에서 잘못된 문자입니다(코드 페이지 65001).
C:\OneDrive\바탕 화면\Alex\PacMan\PM06130439.cpp(1,1): warning C4828: 파일에 0xfdc 오프셋에서 시작하는 문자가 포함되어 있습니다. 이 문자는 현재 원본 문자 집합에서 잘못된 문자입니다(코드 페이지 65001).
C:\OneDrive\바탕 화면\Alex\PacMan\PM06130439.cpp(1,1): warning C4828: 파일에 0xfdd 오프셋에서 시작하는 문자가 포함되어 있습니다. 이 문자는 현재 원본 문자 집합에서 잘못된 문자입니다(코드 페이지 65001).
C:\OneDrive\바탕 화면\Alex\PacMan\PM06130439.cpp(1,1): warning C4828: 파일에 0xfde 오프셋에서 시작하는 문자가 포함되어 있습니다. 이 문자는 현재 원본 문자 집합에서 잘못된 문자입니다(코드 페이지 65001).
C:\OneDrive\바탕 화면\Alex\PacMan\PM06130439.cpp(1,1): warning C4828: 파일에 0xfdf 오프셋에서 시작하는 문자가 포함되어 있습니다. 이 문자는 현재 원본 문자 집합에서 잘못된 문자입니다(코드 페이지 65001).
C:\OneDrive\바탕 화면\Alex\PacMan\PM06130439.cpp(1,1): warning C4828: 파일에 0xfe2 오프셋에서 시작하는 문자가 포함되어 있습니다. 이 문자는 현재 원본 문자 집합에서 잘못된 문자입니다(코드 페이지 65001).
C:\OneDrive\바탕 화면\Alex\PacMan\PM06130439.cpp(1,1): warning C4828: 파일에 0xfe5 오프셋에서 시작하는 문자가 포함되어 있습니다. 이 문자는 현재 원본 문자 집합에서 잘못된 문자입니다(코드 페이지 65001).
C:\OneDrive\바탕 화면\Alex\PacMan\PM06130439.cpp(1,1): warning C4828: 파일에 0x1008 오프셋에서 시작하는 문자가 포함되어 있습니다. 이 문자는 현재 원본 문자 집합에서 잘못된 문자입니다(코드 페이지 65001).
C:\OneDrive\바탕 화면\Alex\PacMan\PM06130439.cpp(1,1): warning C4828: 파일에 0x1009 오프셋에서 시작하는 문자가 포함되어 있습니다. 이 문자는 현재 원본 문자 집합에서 잘못된 문자입니다(코드 페이지 65001).
C:\OneDrive\바탕 화면\Alex\PacMan\PM06130439.cpp(1,1): warning C4828: 파일에 0x100f 오프셋에서 시작하는 문자가 포함되어 있습니다. 이 문자는 현재 원본 문자 집합에서 잘못된 문자입니다(코드 페이지 65001).
C:\OneDrive\바탕 화면\Alex\PacMan\PM06130439.cpp(1,1): warning C4828: 파일에 0x1010 오프셋에서 시작하는 문자가 포함되어 있습니다. 이 문자는 현재 원본 문자 집합에서 잘못된 문자입니다(코드 페이지 65001).
C:\OneDrive\바탕 화면\Alex\PacMan\PM06130439.cpp(1,1): warning C4828: 파일에 0x1012 오프셋에서 시작하는 문자가 포함되어 있습니다. 이 문자는 현재 원본 문자 집합에서 잘못된 문자입니다(코드 페이지 65001).
C:\OneDrive\바탕 화면\Alex\PacMan\PM06130439.cpp(1,1): warning C4828: 파일에 0x1017 오프셋에서 시작하는 문자가 포함되어 있습니다. 이 문자는 현재 원본 문자 집합에서 잘못된 문자입니다(코드 페이지 65001).
C:\OneDrive\바탕 화면\Alex\PacMan\PM06130439.cpp(1,1): warning C4828: 파일에 0x101c 오프셋에서 시작하는 문자가 포함되어 있습니다. 이 문자는 현재 원본 문자 집합에서 잘못된 문자입니다(코드 페이지 65001).
C:\OneDrive\바탕 화면\Alex\PacMan\PM06130439.cpp(1,1): warning C4828: 파일에 0x101d 오프셋에서 시작하는 문자가 포함되어 있습니다. 이 문자는 현재 원본 문자 집합에서 잘못된 문자입니다(코드 페이지 65001).
C:\OneDrive\바탕 화면\Alex\PacMan\PM06130439.cpp(1,1): warning C4828: 파일에 0x1020 오프셋에서 시작하는 문자가 포함되어 있습니다. 이 문자는 현재 원본 문자 집합에서 잘못된 문자입니다(코드 페이지 65001).
C:\OneDrive\바탕 화면\Alex\PacMan\PM06130439.cpp(1,1): warning C4828: 파일에 0x1021 오프셋에서 시작하는 문자가 포함되어 있습니다. 이 문자는 현재 원본 문자 집합에서 잘못된 문자입니다(코드 페이지 65001).
C:\OneDrive\바탕 화면\Alex\PacMan\PM06130439.cpp(1,1): warning C4828: 파일에 0x1024 오프셋에서 시작하는 문자가 포함되어 있습니다. 이 문자는 현재 원본 문자 집합에서 잘못된 문자입니다(코드 페이지 65001).
C:\OneDrive\바탕 화면\Alex\PacMan\PM06130439.cpp(1,1): warning C4828: 파일에 0x1025 오프셋에서 시작하는 문자가 포함되어 있습니다. 이 문자는 현재 원본 문자 집합에서 잘못된 문자입니다(코드 페이지 65001).
C:\OneDrive\바탕 화면\Alex\PacMan\PM06130439.cpp(1,1): warning C4828: 파일에 0x1027 오프셋에서 시작하는 문자가 포함되어 있습니다. 이 문자는 현재 원본 문자 집합에서 잘못된 문자입니다(코드 페이지 65001).
C:\OneDrive\바탕 화면\Alex\PacMan\PM06130439.cpp(1,1): warning C4828: 파일에 0x1028 오프셋에서 시작하는 문자가 포함되어 있습니다. 이 문자는 현재 원본 문자 집합에서 잘못된 문자입니다(코드 페이지 65001).
C:\OneDrive\바탕 화면\Alex\PacMan\PM06130439.cpp(1,1): warning C4828: 파일에 0x1029 오프셋에서 시작하는 문자가 포함되어 있습니다. 이 문자는 현재 원본 문자 집합에서 잘못된 문자입니다(코드 페이지 65001).
C:\OneDrive\바탕 화면\Alex\PacMan\PM06130439.cpp(1,1): warning C4828: 파일에 0x102a 오프셋에서 시작하는 문자가 포함되어 있습니다. 이 문자는 현재 원본 문자 집합에서 잘못된 문자입니다(코드 페이지 65001).
C:\OneDrive\바탕 화면\Alex\PacMan\PM06130439.cpp(1,1): warning C4828: 파일에 0x102c 오프셋에서 시작하는 문자가 포함되어 있습니다. 이 문자는 현재 원본 문자 집합에서 잘못된 문자입니다(코드 페이지 65001).
C:\OneDrive\바탕 화면\Alex\PacMan\PM06130439.cpp(1,1): warning C4828: 파일에 0x102f 오프셋에서 시작하는 문자가 포함되어 있습니다. 이 문자는 현재 원본 문자 집합에서 잘못된 문자입니다(코드 페이지 65001).
C:\OneDrive\바탕 화면\Alex\PacMan\PM06130439.cpp(1,1): warning C4828: 파일에 0x1031 오프셋에서 시작하는 문자가 포함되어 있습니다. 이 문자는 현재 원본 문자 집합에서 잘못된 문자입니다(코드 페이지 65001).
C:\OneDrive\바탕 화면\Alex\PacMan\PM06130439.cpp(1,1): warning C4828: 파일에 0x1032 오프셋에서 시작하는 문자가 포함되어 있습니다. 이 문자는 현재 원본 문자 집합에서 잘못된 문자입니다(코드 페이지 65001).
C:\OneDrive\바탕 화면\Alex\PacMan\PM06130439.cpp(1,1): warning C4828: 파일에 0x1033 오프셋에서 시작하는 문자가 포함되어 있습니다. 이 문자는 현재 원본 문자 집합에서 잘못된 문자입니다(코드 페이지 65001).
C:\OneDrive\바탕 화면\Alex\PacMan\PM06130439.cpp(1,1): warning C4828: 파일에 0x1034 오프셋에서 시작하는 문자가 포함되어 있습니다. 이 문자는 현재 원본 문자 집합에서 잘못된 문자입니다(코드 페이지 65001).
C:\OneDrive\바탕 화면\Alex\PacMan\PM06130439.cpp(1,1): warning C4828: 파일에 0x1036 오프셋에서 시작하는 문자가 포함되어 있습니다. 이 문자는 현재 원본 문자 집합에서 잘못된 문자입니다(코드 페이지 65001).
C:\OneDrive\바탕 화면\Alex\PacMan\PM06130439.cpp(1,1): warning C4828: 파일에 0x1039 오프셋에서 시작하는 문자가 포함되어 있습니다. 이 문자는 현재 원본 문자 집합에서 잘못된 문자입니다(코드 페이지 65001).
C:\OneDrive\바탕 화면\Alex\PacMan\PM06130439.cpp(1,1): warning C4828: 파일에 0x10c7 오프셋에서 시작하는 문자가 포함되어 있습니다. 이 문자는 현재 원본 문자 집합에서 잘못된 문자입니다(코드 페이지 65001).
C:\OneDrive\바탕 화면\Alex\PacMan\PM06130439.cpp(1,1): warning C4828: 파일에 0x10ca 오프셋에서 시작하는 문자가 포함되어 있습니다. 이 문자는 현재 원본 문자 집합에서 잘못된 문자입니다(코드 페이지 65001).
C:\OneDrive\바탕 화면\Alex\PacMan\PM06130439.cpp(1,1): warning C4828: 파일에 0x10cb 오프셋에서 시작하는 문자가 포함되어 있습니다. 이 문자는 현재 원본 문자 집합에서 잘못된 문자입니다(코드 페이지 65001).
C:\OneDrive\바탕 화면\Alex\PacMan\PM06130439.cpp(1,1): warning C4828: 파일에 0x10ce 오프셋에서 시작하는 문자가 포함되어 있습니다. 이 문자는 현재 원본 문자 집합에서 잘못된 문자입니다(코드 페이지 65001).
C:\OneDrive\바탕 화면\Alex\PacMan\PM06130439.cpp(1,1): warning C4828: 파일에 0x10cf 오프셋에서 시작하는 문자가 포함되어 있습니다. 이 문자는 현재 원본 문자 집합에서 잘못된 문자입니다(코드 페이지 65001).
C:\OneDrive\바탕 화면\Alex\PacMan\PM06130439.cpp(1,1): warning C4828: 파일에 0x10d2 오프셋에서 시작하는 문자가 포함되어 있습니다. 이 문자는 현재 원본 문자 집합에서 잘못된 문자입니다(코드 페이지 65001).
C:\OneDrive\바탕 화면\Alex\PacMan\PM06130439.cpp(1,1): warning C4828: 파일에 0x10d3 오프셋에서 시작하는 문자가 포함되어 있습니다. 이 문자는 현재 원본 문자 집합에서 잘못된 문자입니다(코드 페이지 65001).
C:\OneDrive\바탕 화면\Alex\PacMan\PM06130439.cpp(1,1): warning C4828: 파일에 0x10d5 오프셋에서 시작하는 문자가 포함되어 있습니다. 이 문자는 현재 원본 문자 집합에서 잘못된 문자입니다(코드 페이지 65001).
C:\OneDrive\바탕 화면\Alex\PacMan\PM06130439.cpp(1,1): warning C4828: 파일에 0x10d6 오프셋에서 시작하는 문자가 포함되어 있습니다. 이 문자는 현재 원본 문자 집합에서 잘못된 문자입니다(코드 페이지 65001).
C:\OneDrive\바탕 화면\Alex\PacMan\PM06130439.cpp(1,1): warning C4828: 파일에 0x10da 오프셋에서 시작하는 문자가 포함되어 있습니다. 이 문자는 현재 원본 문자 집합에서 잘못된 문자입니다(코드 페이지 65001).
C:\OneDrive\바탕 화면\Alex\PacMan\PM06130439.cpp(1,1): warning C4828: 파일에 0x10db 오프셋에서 시작하는 문자가 포함되어 있습니다. 이 문자는 현재 원본 문자 집합에서 잘못된 문자입니다(코드 페이지 65001).
C:\OneDrive\바탕 화면\Alex\PacMan\PM06130439.cpp(1,1): warning C4828: 파일에 0x10dc 오프셋에서 시작하는 문자가 포함되어 있습니다. 이 문자는 현재 원본 문자 집합에서 잘못된 문자입니다(코드 페이지 65001).
C:\OneDrive\바탕 화면\Alex\PacMan\PM06130439.cpp(1,1): warning C4828: 파일에 0x10dd 오프셋에서 시작하는 문자가 포함되어 있습니다. 이 문자는 현재 원본 문자 집합에서 잘못된 문자입니다(코드 페이지 65001).
C:\OneDrive\바탕 화면\Alex\PacMan\PM06130439.cpp(1,1): warning C4828: 파일에 0x10df 오프셋에서 시작하는 문자가 포함되어 있습니다. 이 문자는 현재 원본 문자 집합에서 잘못된 문자입니다(코드 페이지 65001).
C:\OneDrive\바탕 화면\Alex\PacMan\PM06130439.cpp(1,1): warning C4828: 파일에 0x10e0 오프셋에서 시작하는 문자가 포함되어 있습니다. 이 문자는 현재 원본 문자 집합에서 잘못된 문자입니다(코드 페이지 65001).
C:\OneDrive\바탕 화면\Alex\PacMan\PM06130439.cpp(1,1): warning C4828: 파일에 0x10e1 오프셋에서 시작하는 문자가 포함되어 있습니다. 이 문자는 현재 원본 문자 집합에서 잘못된 문자입니다(코드 페이지 65001).
C:\OneDrive\바탕 화면\Alex\PacMan\PM06130439.cpp(1,1): warning C4828: 파일에 0x10e2 오프셋에서 시작하는 문자가 포함되어 있습니다. 이 문자는 현재 원본 문자 집합에서 잘못된 문자입니다(코드 페이지 65001).
C:\OneDrive\바탕 화면\Alex\PacMan\PM06130439.cpp(1,1): warning C4828: 파일에 0x10fa 오프셋에서 시작하는 문자가 포함되어 있습니다. 이 문자는 현재 원본 문자 집합에서 잘못된 문자입니다(코드 페이지 65001).
C:\OneDrive\바탕 화면\Alex\PacMan\PM06130439.cpp(1,1): warning C4828: 파일에 0x10fb 오프셋에서 시작하는 문자가 포함되어 있습니다. 이 문자는 현재 원본 문자 집합에서 잘못된 문자입니다(코드 페이지 65001).
C:\OneDrive\바탕 화면\Alex\PacMan\PM06130439.cpp(1,1): warning C4828: 파일에 0x10fd 오프셋에서 시작하는 문자가 포함되어 있습니다. 이 문자는 현재 원본 문자 집합에서 잘못된 문자입니다(코드 페이지 65001).
C:\OneDrive\바탕 화면\Alex\PacMan\PM06130439.cpp(1,1): warning C4828: 파일에 0x10ff 오프셋에서 시작하는 문자가 포함되어 있습니다. 이 문자는 현재 원본 문자 집합에서 잘못된 문자입니다(코드 페이지 65001).
C:\OneDrive\바탕 화면\Alex\PacMan\PM06130439.cpp(1,1): warning C4828: 파일에 0x1100 오프셋에서 시작하는 문자가 포함되어 있습니다. 이 문자는 현재 원본 문자 집합에서 잘못된 문자입니다(코드 페이지 65001).
C:\OneDrive\바탕 화면\Alex\PacMan\PM06130439.cpp(1,1): warning C4828: 파일에 0x1104 오프셋에서 시작하는 문자가 포함되어 있습니다. 이 문자는 현재 원본 문자 집합에서 잘못된 문자입니다(코드 페이지 65001).
C:\OneDrive\바탕 화면\Alex\PacMan\PM06130439.cpp(1,1): warning C4828: 파일에 0x1105 오프셋에서 시작하는 문자가 포함되어 있습니다. 이 문자는 현재 원본 문자 집합에서 잘못된 문자입니다(코드 페이지 65001).
C:\OneDrive\바탕 화면\Alex\PacMan\PM06130439.cpp(1,1): warning C4828: 파일에 0x1106 오프셋에서 시작하는 문자가 포함되어 있습니다. 이 문자는 현재 원본 문자 집합에서 잘못된 문자입니다(코드 페이지 65001).
C:\OneDrive\바탕 화면\Alex\PacMan\PM06130439.cpp(1,1): warning C4828: 파일에 0x1107 오프셋에서 시작하는 문자가 포함되어 있습니다. 이 문자는 현재 원본 문자 집합에서 잘못된 문자입니다(코드 페이지 65001).
C:\OneDrive\바탕 화면\Alex\PacMan\PM06130439.cpp(1,1): warning C4828: 파일에 0x110d 오프셋에서 시작하는 문자가 포함되어 있습니다. 이 문자는 현재 원본 문자 집합에서 잘못된 문자입니다(코드 페이지 65001).
C:\OneDrive\바탕 화면\Alex\PacMan\PM06130439.cpp(1,1): warning C4828: 파일에 0x110e 오프셋에서 시작하는 문자가 포함되어 있습니다. 이 문자는 현재 원본 문자 집합에서 잘못된 문자입니다(코드 페이지 65001).
C:\OneDrive\바탕 화면\Alex\PacMan\PM06130439.cpp(1,1): warning C4828: 파일에 0x1110 오프셋에서 시작하는 문자가 포함되어 있습니다. 이 문자는 현재 원본 문자 집합에서 잘못된 문자입니다(코드 페이지 65001).
C:\OneDrive\바탕 화면\Alex\PacMan\PM06130439.cpp(1,1): warning C4828: 파일에 0x1111 오프셋에서 시작하는 문자가 포함되어 있습니다. 이 문자는 현재 원본 문자 집합에서 잘못된 문자입니다(코드 페이지 65001).
C:\OneDrive\바탕 화면\Alex\PacMan\PM06130439.cpp(1,1): warning C4828: 파일에 0x1113 오프셋에서 시작하는 문자가 포함되어 있습니다. 이 문자는 현재 원본 문자 집합에서 잘못된 문자입니다(코드 페이지 65001).
C:\OneDrive\바탕 화면\Alex\PacMan\PM06130439.cpp(1,1): warning C4828: 파일에 0x1114 오프셋에서 시작하는 문자가 포함되어 있습니다. 이 문자는 현재 원본 문자 집합에서 잘못된 문자입니다(코드 페이지 65001).
C:\OneDrive\바탕 화면\Alex\PacMan\PM06130439.cpp(1,1): warning C4828: 파일에 0x1115 오프셋에서 시작하는 문자가 포함되어 있습니다. 이 문자는 현재 원본 문자 집합에서 잘못된 문자입니다(코드 페이지 65001).
C:\OneDrive\바탕 화면\Alex\PacMan\PM06130439.cpp(1,1): warning C4828: 파일에 0x1118 오프셋에서 시작하는 문자가 포함되어 있습니다. 이 문자는 현재 원본 문자 집합에서 잘못된 문자입니다(코드 페이지 65001).
C:\OneDrive\바탕 화면\Alex\PacMan\PM06130439.cpp(1,1): warning C4828: 파일에 0x1119 오프셋에서 시작하는 문자가 포함되어 있습니다. 이 문자는 현재 원본 문자 집합에서 잘못된 문자입니다(코드 페이지 65001).
C:\OneDrive\바탕 화면\Alex\PacMan\PM06130439.cpp(1,1): warning C4828: 파일에 0x111a 오프셋에서 시작하는 문자가 포함되어 있습니다. 이 문자는 현재 원본 문자 집합에서 잘못된 문자입니다(코드 페이지 65001).
C:\OneDrive\바탕 화면\Alex\PacMan\PM06130439.cpp(1,1): warning C4828: 파일에 0x1236 오프셋에서 시작하는 문자가 포함되어 있습니다. 이 문자는 현재 원본 문자 집합에서 잘못된 문자입니다(코드 페이지 65001).
C:\OneDrive\바탕 화면\Alex\PacMan\PM06130439.cpp(1,1): warning C4828: 파일에 0x1237 오프셋에서 시작하는 문자가 포함되어 있습니다. 이 문자는 현재 원본 문자 집합에서 잘못된 문자입니다(코드 페이지 65001).
C:\OneDrive\바탕 화면\Alex\PacMan\PM06130439.cpp(1,1): warning C4828: 파일에 0x123b 오프셋에서 시작하는 문자가 포함되어 있습니다. 이 문자는 현재 원본 문자 집합에서 잘못된 문자입니다(코드 페이지 65001).
C:\OneDrive\바탕 화면\Alex\PacMan\PM06130439.cpp(1,1): warning C4828: 파일에 0x123e 오프셋에서 시작하는 문자가 포함되어 있습니다. 이 문자는 현재 원본 문자 집합에서 잘못된 문자입니다(코드 페이지 65001).
C:\OneDrive\바탕 화면\Alex\PacMan\PM06130439.cpp(1,1): warning C4828: 파일에 0x1241 오프셋에서 시작하는 문자가 포함되어 있습니다. 이 문자는 현재 원본 문자 집합에서 잘못된 문자입니다(코드 페이지 65001).
C:\OneDrive\바탕 화면\Alex\PacMan\PM06130439.cpp(1,1): warning C4828: 파일에 0x1242 오프셋에서 시작하는 문자가 포함되어 있습니다. 이 문자는 현재 원본 문자 집합에서 잘못된 문자입니다(코드 페이지 65001).
C:\OneDrive\바탕 화면\Alex\PacMan\PM06130439.cpp(1,1): warning C4828: 파일에 0x1248 오프셋에서 시작하는 문자가 포함되어 있습니다. 이 문자는 현재 원본 문자 집합에서 잘못된 문자입니다(코드 페이지 65001).
C:\OneDrive\바탕 화면\Alex\PacMan\PM06130439.cpp(1,1): warning C4828: 파일에 0x1249 오프셋에서 시작하는 문자가 포함되어 있습니다. 이 문자는 현재 원본 문자 집합에서 잘못된 문자입니다(코드 페이지 65001).
C:\OneDrive\바탕 화면\Alex\PacMan\PM06130439.cpp(64,21): warning C4566: 유니버설 문자 이름 '\u00E3'(으)로 표현되는 문자는 현재 코드 페이지(949)에서 표현할 수 없습니다.
C:\OneDrive\바탕 화면\Alex\PacMan\PM06130439.cpp(64,21): warning C4566: 유니버설 문자 이름 '\u03F4'(으)로 표현되는 문자는 현재 코드 페이지(949)에서 표현할 수 없습니다.
C:\OneDrive\바탕 화면\Alex\PacMan\PM06130439.cpp(95,62): warning C4267: '인수': 'size_t'에서 'DWORD'(으)로 변환하면서 데이터가 손실될 수 있습니다.
  PacMan.vcxproj -> C:\OneDrive\바탕 화면\Alex\x64\Debug\PacMan.exe
